<?xml version="1.0" encoding="UTF-8"?>
<coverage generated="1701743406348" clover="3.2.0">
  <project timestamp="1701743406348" name="All files">
    <metrics statements="10" coveredstatements="6" conditionals="6" coveredconditionals="2" methods="1" coveredmethods="1" elements="17" coveredelements="9" complexity="0" loc="10" ncloc="10" packages="1" files="1" classes="1"/>
    <file name="combustivel.js" path="C:\Users\dougl\Desktop\NodeDoDev\combustivel.js">
      <metrics statements="10" coveredstatements="6" conditionals="6" coveredconditionals="2" methods="1" coveredmethods="1"/>
      <line num="3" count="1" type="stmt"/>
      <line num="6" count="1" type="cond" truecount="1" falsecount="1"/>
      <line num="7" count="0" type="stmt"/>
      <line num="9" count="1" type="cond" truecount="1" falsecount="1"/>
      <line num="10" count="1" type="stmt"/>
      <line num="11" count="1" type="stmt"/>
      <line num="13" count="0" type="cond" truecount="0" falsecount="2"/>
      <line num="14" count="0" type="stmt"/>
      <line num="15" count="0" type="stmt"/>
      <line num="20" count="1" type="stmt"/>
    </file>
  </project>
</coverage>
